<?xml version="1.0" encoding="UTF-8"?>
<testsuite xmlns:xsi="http://www.w3.org/2001/XMLSchema-instance" xsi:noNamespaceSchemaLocation="https://maven.apache.org/surefire/maven-surefire-plugin/xsd/surefire-test-report-3.0.xsd" version="3.0" name="com.alibaba.smart.framework.engine.test.storage.dual.DualModeProcessTest" time="0.544" tests="1" errors="0" skipped="0" failures="0">
  <properties>
[...]
</properties>
  <testcase name="testBothModesInSingleMethod" classname="com.alibaba.smart.framework.engine.test.storage.dual.DualModeProcessTest" time="0.229">
    <system-out><![CDATA[Logging initialized using 'class org.apache.ibatis.logging.stdout.StdOutImpl' adapter.
Class not found: org.jboss.vfs.VFS
JBoss 6 VFS API is not available in this environment.
Class not found: org.jboss.vfs.VirtualFile
VFS implementation org.apache.ibatis.io.JBoss6VFS is not valid in this environment.
Using VFS adapter org.apache.ibatis.io.DefaultVFS
Find JAR URL: file:/Users/ghj/work/startup/phenix/AuraMeta/vendor/smart-engine/extension/storage/storage-mysql/target/classes/com/alibaba/smart/framework/engine/persister/database/entity
Not a JAR: file:/Users/ghj/work/startup/phenix/AuraMeta/vendor/smart-engine/extension/storage/storage-mysql/target/classes/com/alibaba/smart/framework/engine/persister/database/entity
Reader entry: ActivityInstanceEntity.class
Reader entry: AssigneeOperationRecordEntity.class
Reader entry: BaseProcessEntity.class
Reader entry: DeploymentInstanceEntity.class
Reader entry: ExecutionInstanceEntity.class
Reader entry: NotificationInstanceEntity.class
Reader entry: ProcessInstanceEntity.class
Reader entry: ProcessRollbackRecordEntity.class
Reader entry: RollbackRecordEntity.class
Reader entry: SupervisionInstanceEntity.class
Reader entry: TaskAssigneeEntity.class
Reader entry: TaskInstanceEntity.class
Reader entry: TaskTransferRecordEntity.class
Reader entry: UserNotificationIndexEntity.class
Reader entry: UserTaskIndexEntity.class
Reader entry: VariableInstanceEntity.class
Listing file:/Users/ghj/work/startup/phenix/AuraMeta/vendor/smart-engine/extension/storage/storage-mysql/target/classes/com/alibaba/smart/framework/engine/persister/database/entity
Find JAR URL: file:/Users/ghj/work/startup/phenix/AuraMeta/vendor/smart-engine/extension/storage/storage-mysql/target/classes/com/alibaba/smart/framework/engine/persister/database/entity/ActivityInstanceEntity.class
Not a JAR: file:/Users/ghj/work/startup/phenix/AuraMeta/vendor/smart-engine/extension/storage/storage-mysql/target/classes/com/alibaba/smart/framework/engine/persister/database/entity/ActivityInstanceEntity.class
Reader entry: ����&amp#0;&amp#0;&amp#0;4&amp#0;d
Find JAR URL: file:/Users/ghj/work/startup/phenix/AuraMeta/vendor/smart-engine/extension/storage/storage-mysql/target/classes/com/alibaba/smart/framework/engine/persister/database/entity/AssigneeOperationRecordEntity.class
Not a JAR: file:/Users/ghj/work/startup/phenix/AuraMeta/vendor/smart-engine/extension/storage/storage-mysql/target/classes/com/alibaba/smart/framework/engine/persister/database/entity/AssigneeOperationRecordEntity.class
Reader entry: ����&amp#0;&amp#0;&amp#0;4&amp#0;K
Find JAR URL: file:/Users/ghj/work/startup/phenix/AuraMeta/vendor/smart-engine/extension/storage/storage-mysql/target/classes/com/alibaba/smart/framework/engine/persister/database/entity/BaseProcessEntity.class
Not a JAR: file:/Users/ghj/work/startup/phenix/AuraMeta/vendor/smart-engine/extension/storage/storage-mysql/target/classes/com/alibaba/smart/framework/engine/persister/database/entity/BaseProcessEntity.class
Reader entry: ����&amp#0;&amp#0;&amp#0;4&amp#0;l
Find JAR URL: file:/Users/ghj/work/startup/phenix/AuraMeta/vendor/smart-engine/extension/storage/storage-mysql/target/classes/com/alibaba/smart/framework/engine/persister/database/entity/DeploymentInstanceEntity.class
Not a JAR: file:/Users/ghj/work/startup/phenix/AuraMeta/vendor/smart-engine/extension/storage/storage-mysql/target/classes/com/alibaba/smart/framework/engine/persister/database/entity/DeploymentInstanceEntity.class
Reader entry: ����&amp#0;&amp#0;&amp#0;4&amp#0;�
Find JAR URL: file:/Users/ghj/work/startup/phenix/AuraMeta/vendor/smart-engine/extension/storage/storage-mysql/target/classes/com/alibaba/smart/framework/engine/persister/database/entity/ExecutionInstanceEntity.class
Not a JAR: file:/Users/ghj/work/startup/phenix/AuraMeta/vendor/smart-engine/extension/storage/storage-mysql/target/classes/com/alibaba/smart/framework/engine/persister/database/entity/ExecutionInstanceEntity.class
Reader entry: ����&amp#0;&amp#0;&amp#0;4&amp#0;�
Find JAR URL: file:/Users/ghj/work/startup/phenix/AuraMeta/vendor/smart-engine/extension/storage/storage-mysql/target/classes/com/alibaba/smart/framework/engine/persister/database/entity/NotificationInstanceEntity.class
Not a JAR: file:/Users/ghj/work/startup/phenix/AuraMeta/vendor/smart-engine/extension/storage/storage-mysql/target/classes/com/alibaba/smart/framework/engine/persister/database/entity/NotificationInstanceEntity.class
Reader entry: ����&amp#0;&amp#0;&amp#0;4&amp#0;�
Find JAR URL: file:/Users/ghj/work/startup/phenix/AuraMeta/vendor/smart-engine/extension/storage/storage-mysql/target/classes/com/alibaba/smart/framework/engine/persister/database/entity/ProcessInstanceEntity.class
Not a JAR: file:/Users/ghj/work/startup/phenix/AuraMeta/vendor/smart-engine/extension/storage/storage-mysql/target/classes/com/alibaba/smart/framework/engine/persister/database/entity/ProcessInstanceEntity.class
Reader entry: ����&amp#0;&amp#0;&amp#0;4&amp#0;�
Find JAR URL: file:/Users/ghj/work/startup/phenix/AuraMeta/vendor/smart-engine/extension/storage/storage-mysql/target/classes/com/alibaba/smart/framework/engine/persister/database/entity/ProcessRollbackRecordEntity.class
Not a JAR: file:/Users/ghj/work/startup/phenix/AuraMeta/vendor/smart-engine/extension/storage/storage-mysql/target/classes/com/alibaba/smart/framework/engine/persister/database/entity/ProcessRollbackRecordEntity.class
Reader entry: ����&amp#0;&amp#0;&amp#0;4&amp#0;�
Find JAR URL: file:/Users/ghj/work/startup/phenix/AuraMeta/vendor/smart-engine/extension/storage/storage-mysql/target/classes/com/alibaba/smart/framework/engine/persister/database/entity/RollbackRecordEntity.class
Not a JAR: file:/Users/ghj/work/startup/phenix/AuraMeta/vendor/smart-engine/extension/storage/storage-mysql/target/classes/com/alibaba/smart/framework/engine/persister/database/entity/RollbackRecordEntity.class
Reader entry: ����&amp#0;&amp#0;&amp#0;4&amp#0;P
Find JAR URL: file:/Users/ghj/work/startup/phenix/AuraMeta/vendor/smart-engine/extension/storage/storage-mysql/target/classes/com/alibaba/smart/framework/engine/persister/database/entity/SupervisionInstanceEntity.class
Not a JAR: file:/Users/ghj/work/startup/phenix/AuraMeta/vendor/smart-engine/extension/storage/storage-mysql/target/classes/com/alibaba/smart/framework/engine/persister/database/entity/SupervisionInstanceEntity.class
Reader entry: ����&amp#0;&amp#0;&amp#0;4&amp#0;�
Find JAR URL: file:/Users/ghj/work/startup/phenix/AuraMeta/vendor/smart-engine/extension/storage/storage-mysql/target/classes/com/alibaba/smart/framework/engine/persister/database/entity/TaskAssigneeEntity.class
Not a JAR: file:/Users/ghj/work/startup/phenix/AuraMeta/vendor/smart-engine/extension/storage/storage-mysql/target/classes/com/alibaba/smart/framework/engine/persister/database/entity/TaskAssigneeEntity.class
Reader entry: ����&amp#0;&amp#0;&amp#0;4&amp#0;p
Find JAR URL: file:/Users/ghj/work/startup/phenix/AuraMeta/vendor/smart-engine/extension/storage/storage-mysql/target/classes/com/alibaba/smart/framework/engine/persister/database/entity/TaskInstanceEntity.class
Not a JAR: file:/Users/ghj/work/startup/phenix/AuraMeta/vendor/smart-engine/extension/storage/storage-mysql/target/classes/com/alibaba/smart/framework/engine/persister/database/entity/TaskInstanceEntity.class
Reader entry: ����&amp#0;&amp#0;&amp#0;4&amp#1;&amp#18;
Find JAR URL: file:/Users/ghj/work/startup/phenix/AuraMeta/vendor/smart-engine/extension/storage/storage-mysql/target/classes/com/alibaba/smart/framework/engine/persister/database/entity/TaskTransferRecordEntity.class
Not a JAR: file:/Users/ghj/work/startup/phenix/AuraMeta/vendor/smart-engine/extension/storage/storage-mysql/target/classes/com/alibaba/smart/framework/engine/persister/database/entity/TaskTransferRecordEntity.class
Reader entry: ����&amp#0;&amp#0;&amp#0;4&amp#0;K
Find JAR URL: file:/Users/ghj/work/startup/phenix/AuraMeta/vendor/smart-engine/extension/storage/storage-mysql/target/classes/com/alibaba/smart/framework/engine/persister/database/entity/UserNotificationIndexEntity.class
Not a JAR: file:/Users/ghj/work/startup/phenix/AuraMeta/vendor/smart-engine/extension/storage/storage-mysql/target/classes/com/alibaba/smart/framework/engine/persister/database/entity/UserNotificationIndexEntity.class
Reader entry: ����&amp#0;&amp#0;&amp#0;4&amp#0;�
Find JAR URL: file:/Users/ghj/work/startup/phenix/AuraMeta/vendor/smart-engine/extension/storage/storage-mysql/target/classes/com/alibaba/smart/framework/engine/persister/database/entity/UserTaskIndexEntity.class
Not a JAR: file:/Users/ghj/work/startup/phenix/AuraMeta/vendor/smart-engine/extension/storage/storage-mysql/target/classes/com/alibaba/smart/framework/engine/persister/database/entity/UserTaskIndexEntity.class
Reader entry: ����&amp#0;&amp#0;&amp#0;4&amp#0;�
Find JAR URL: file:/Users/ghj/work/startup/phenix/AuraMeta/vendor/smart-engine/extension/storage/storage-mysql/target/classes/com/alibaba/smart/framework/engine/persister/database/entity/VariableInstanceEntity.class
Not a JAR: file:/Users/ghj/work/startup/phenix/AuraMeta/vendor/smart-engine/extension/storage/storage-mysql/target/classes/com/alibaba/smart/framework/engine/persister/database/entity/VariableInstanceEntity.class
Reader entry: ����&amp#0;&amp#0;&amp#0;4&amp#0;�
Checking to see if class com.alibaba.smart.framework.engine.persister.database.entity.ActivityInstanceEntity matches criteria [is assignable to Object]
Checking to see if class com.alibaba.smart.framework.engine.persister.database.entity.AssigneeOperationRecordEntity matches criteria [is assignable to Object]
Checking to see if class com.alibaba.smart.framework.engine.persister.database.entity.BaseProcessEntity matches criteria [is assignable to Object]
Checking to see if class com.alibaba.smart.framework.engine.persister.database.entity.DeploymentInstanceEntity matches criteria [is assignable to Object]
Checking to see if class com.alibaba.smart.framework.engine.persister.database.entity.ExecutionInstanceEntity matches criteria [is assignable to Object]
Checking to see if class com.alibaba.smart.framework.engine.persister.database.entity.NotificationInstanceEntity matches criteria [is assignable to Object]
Checking to see if class com.alibaba.smart.framework.engine.persister.database.entity.ProcessInstanceEntity matches criteria [is assignable to Object]
Checking to see if class com.alibaba.smart.framework.engine.persister.database.entity.ProcessRollbackRecordEntity matches criteria [is assignable to Object]
Checking to see if class com.alibaba.smart.framework.engine.persister.database.entity.RollbackRecordEntity matches criteria [is assignable to Object]
Checking to see if class com.alibaba.smart.framework.engine.persister.database.entity.SupervisionInstanceEntity matches criteria [is assignable to Object]
Checking to see if class com.alibaba.smart.framework.engine.persister.database.entity.TaskAssigneeEntity matches criteria [is assignable to Object]
Checking to see if class com.alibaba.smart.framework.engine.persister.database.entity.TaskInstanceEntity matches criteria [is assignable to Object]
Checking to see if class com.alibaba.smart.framework.engine.persister.database.entity.TaskTransferRecordEntity matches criteria [is assignable to Object]
Checking to see if class com.alibaba.smart.framework.engine.persister.database.entity.UserNotificationIndexEntity matches criteria [is assignable to Object]
Checking to see if class com.alibaba.smart.framework.engine.persister.database.entity.UserTaskIndexEntity matches criteria [is assignable to Object]
Checking to see if class com.alibaba.smart.framework.engine.persister.database.entity.VariableInstanceEntity matches criteria [is assignable to Object]
Find JAR URL: file:/Users/ghj/work/startup/phenix/AuraMeta/vendor/smart-engine/core/target/classes/com/alibaba/smart/framework/engine/service/param
Not a JAR: file:/Users/ghj/work/startup/phenix/AuraMeta/vendor/smart-engine/core/target/classes/com/alibaba/smart/framework/engine/service/param
Reader entry: command
Reader entry: query
Listing file:/Users/ghj/work/startup/phenix/AuraMeta/vendor/smart-engine/core/target/classes/com/alibaba/smart/framework/engine/service/param
Find JAR URL: file:/Users/ghj/work/startup/phenix/AuraMeta/vendor/smart-engine/core/target/classes/com/alibaba/smart/framework/engine/service/param/command
Not a JAR: file:/Users/ghj/work/startup/phenix/AuraMeta/vendor/smart-engine/core/target/classes/com/alibaba/smart/framework/engine/service/param/command
Reader entry: BaseCommand.class
Reader entry: CreateDeploymentCommand.class
Reader entry: UpdateDeploymentCommand.class
Listing file:/Users/ghj/work/startup/phenix/AuraMeta/vendor/smart-engine/core/target/classes/com/alibaba/smart/framework/engine/service/param/command
Find JAR URL: file:/Users/ghj/work/startup/phenix/AuraMeta/vendor/smart-engine/core/target/classes/com/alibaba/smart/framework/engine/service/param/command/BaseCommand.class
Not a JAR: file:/Users/ghj/work/startup/phenix/AuraMeta/vendor/smart-engine/core/target/classes/com/alibaba/smart/framework/engine/service/param/command/BaseCommand.class
Reader entry: ����&amp#0;&amp#0;&amp#0;4&amp#0;?
Find JAR URL: file:/Users/ghj/work/startup/phenix/AuraMeta/vendor/smart-engine/core/target/classes/com/alibaba/smart/framework/engine/service/param/command/CreateDeploymentCommand.class
Not a JAR: file:/Users/ghj/work/startup/phenix/AuraMeta/vendor/smart-engine/core/target/classes/com/alibaba/smart/framework/engine/service/param/command/CreateDeploymentCommand.class
Reader entry: ����&amp#0;&amp#0;&amp#0;4&amp#0;�
Find JAR URL: file:/Users/ghj/work/startup/phenix/AuraMeta/vendor/smart-engine/core/target/classes/com/alibaba/smart/framework/engine/service/param/command/UpdateDeploymentCommand.class
Not a JAR: file:/Users/ghj/work/startup/phenix/AuraMeta/vendor/smart-engine/core/target/classes/com/alibaba/smart/framework/engine/service/param/command/UpdateDeploymentCommand.class
Reader entry: ����&amp#0;&amp#0;&amp#0;4&amp#0;�
Find JAR URL: file:/Users/ghj/work/startup/phenix/AuraMeta/vendor/smart-engine/core/target/classes/com/alibaba/smart/framework/engine/service/param/query
Not a JAR: file:/Users/ghj/work/startup/phenix/AuraMeta/vendor/smart-engine/core/target/classes/com/alibaba/smart/framework/engine/service/param/query
Reader entry: BaseQueryParam.class
Reader entry: CompletedProcessQueryParam.class
Reader entry: CompletedTaskQueryParam.class
Reader entry: DeploymentInstanceQueryParam.class
Reader entry: JsonCondition.class
Reader entry: JsonInCondition.class
Reader entry: NotificationQueryParam.class
Reader entry: PaginateQueryParam.class
Reader entry: PendingTaskQueryParam.class
Reader entry: ProcessInstanceQueryParam.class
Reader entry: SupervisionQueryParam.class
Reader entry: TaskInstanceQueryByAssigneeParam.class
Reader entry: TaskInstanceQueryParam.class
Listing file:/Users/ghj/work/startup/phenix/AuraMeta/vendor/smart-engine/core/target/classes/com/alibaba/smart/framework/engine/service/param/query
Find JAR URL: file:/Users/ghj/work/startup/phenix/AuraMeta/vendor/smart-engine/core/target/classes/com/alibaba/smart/framework/engine/service/param/query/BaseQueryParam.class
Not a JAR: file:/Users/ghj/work/startup/phenix/AuraMeta/vendor/smart-engine/core/target/classes/com/alibaba/smart/framework/engine/service/param/query/BaseQueryParam.class
Reader entry: ����&amp#0;&amp#0;&amp#0;4&amp#0;S
Find JAR URL: file:/Users/ghj/work/startup/phenix/AuraMeta/vendor/smart-engine/core/target/classes/com/alibaba/smart/framework/engine/service/param/query/CompletedProcessQueryParam.class
Not a JAR: file:/Users/ghj/work/startup/phenix/AuraMeta/vendor/smart-engine/core/target/classes/com/alibaba/smart/framework/engine/service/param/query/CompletedProcessQueryParam.class
Reader entry: ����&amp#0;&amp#0;&amp#0;4&amp#0;�
Find JAR URL: file:/Users/ghj/work/startup/phenix/AuraMeta/vendor/smart-engine/core/target/classes/com/alibaba/smart/framework/engine/service/param/query/CompletedTaskQueryParam.class
Not a JAR: file:/Users/ghj/work/startup/phenix/AuraMeta/vendor/smart-engine/core/target/classes/com/alibaba/smart/framework/engine/service/param/query/CompletedTaskQueryParam.class
Reader entry: ����&amp#0;&amp#0;&amp#0;4&amp#0;�
Find JAR URL: file:/Users/ghj/work/startup/phenix/AuraMeta/vendor/smart-engine/core/target/classes/com/alibaba/smart/framework/engine/service/param/query/DeploymentInstanceQueryParam.class
Not a JAR: file:/Users/ghj/work/startup/phenix/AuraMeta/vendor/smart-engine/core/target/classes/com/alibaba/smart/framework/engine/service/param/query/DeploymentInstanceQueryParam.class
Reader entry: ����&amp#0;&amp#0;&amp#0;4&amp#0;�
Find JAR URL: file:/Users/ghj/work/startup/phenix/AuraMeta/vendor/smart-engine/core/target/classes/com/alibaba/smart/framework/engine/service/param/query/JsonCondition.class
Not a JAR: file:/Users/ghj/work/startup/phenix/AuraMeta/vendor/smart-engine/core/target/classes/com/alibaba/smart/framework/engine/service/param/query/JsonCondition.class
Reader entry: ����&amp#0;&amp#0;&amp#0;4&amp#0;L	&amp#0;&amp#2;&amp#0;&amp#3;&amp#7;&amp#0;&amp#4;&amp#12;&amp#0;&amp#5;&amp#0;&amp#6;&amp#1;&amp#0;Dcom/alibaba/smart/framework/engine/service/param/query/JsonCondition&amp#1;&amp#0;
Find JAR URL: file:/Users/ghj/work/startup/phenix/AuraMeta/vendor/smart-engine/core/target/classes/com/alibaba/smart/framework/engine/service/param/query/JsonInCondition.class
Not a JAR: file:/Users/ghj/work/startup/phenix/AuraMeta/vendor/smart-engine/core/target/classes/com/alibaba/smart/framework/engine/service/param/query/JsonInCondition.class
Reader entry: ����&amp#0;&amp#0;&amp#0;4&amp#0;X	&amp#0;&amp#2;&amp#0;&amp#3;&amp#7;&amp#0;&amp#4;&amp#12;&amp#0;&amp#5;&amp#0;&amp#6;&amp#1;&amp#0;Fcom/alibaba/smart/framework/engine/service/param/query/JsonInCondition&amp#1;&amp#0;
Find JAR URL: file:/Users/ghj/work/startup/phenix/AuraMeta/vendor/smart-engine/core/target/classes/com/alibaba/smart/framework/engine/service/param/query/NotificationQueryParam.class
Not a JAR: file:/Users/ghj/work/startup/phenix/AuraMeta/vendor/smart-engine/core/target/classes/com/alibaba/smart/framework/engine/service/param/query/NotificationQueryParam.class
Reader entry: ����&amp#0;&amp#0;&amp#0;4&amp#0;�
Find JAR URL: file:/Users/ghj/work/startup/phenix/AuraMeta/vendor/smart-engine/core/target/classes/com/alibaba/smart/framework/engine/service/param/query/PaginateQueryParam.class
Not a JAR: file:/Users/ghj/work/startup/phenix/AuraMeta/vendor/smart-engine/core/target/classes/com/alibaba/smart/framework/engine/service/param/query/PaginateQueryParam.class
Reader entry: ����&amp#0;&amp#0;&amp#0;4&amp#0;c
Find JAR URL: file:/Users/ghj/work/startup/phenix/AuraMeta/vendor/smart-engine/core/target/classes/com/alibaba/smart/framework/engine/service/param/query/PendingTaskQueryParam.class
Not a JAR: file:/Users/ghj/work/startup/phenix/AuraMeta/vendor/smart-engine/core/target/classes/com/alibaba/smart/framework/engine/service/param/query/PendingTaskQueryParam.class
Reader entry: ����&amp#0;&amp#0;&amp#0;4&amp#0;r
Find JAR URL: file:/Users/ghj/work/startup/phenix/AuraMeta/vendor/smart-engine/core/target/classes/com/alibaba/smart/framework/engine/service/param/query/ProcessInstanceQueryParam.class
Not a JAR: file:/Users/ghj/work/startup/phenix/AuraMeta/vendor/smart-engine/core/target/classes/com/alibaba/smart/framework/engine/service/param/query/ProcessInstanceQueryParam.class
Reader entry: ����&amp#0;&amp#0;&amp#0;4&amp#0;�
Find JAR URL: file:/Users/ghj/work/startup/phenix/AuraMeta/vendor/smart-engine/core/target/classes/com/alibaba/smart/framework/engine/service/param/query/SupervisionQueryParam.class
Not a JAR: file:/Users/ghj/work/startup/phenix/AuraMeta/vendor/smart-engine/core/target/classes/com/alibaba/smart/framework/engine/service/param/query/SupervisionQueryParam.class
Reader entry: ����&amp#0;&amp#0;&amp#0;4&amp#0;�
Find JAR URL: file:/Users/ghj/work/startup/phenix/AuraMeta/vendor/smart-engine/core/target/classes/com/alibaba/smart/framework/engine/service/param/query/TaskInstanceQueryByAssigneeParam.class
Not a JAR: file:/Users/ghj/work/startup/phenix/AuraMeta/vendor/smart-engine/core/target/classes/com/alibaba/smart/framework/engine/service/param/query/TaskInstanceQueryByAssigneeParam.class
Reader entry: ����&amp#0;&amp#0;&amp#0;4&amp#0;�
Find JAR URL: file:/Users/ghj/work/startup/phenix/AuraMeta/vendor/smart-engine/core/target/classes/com/alibaba/smart/framework/engine/service/param/query/TaskInstanceQueryParam.class
Not a JAR: file:/Users/ghj/work/startup/phenix/AuraMeta/vendor/smart-engine/core/target/classes/com/alibaba/smart/framework/engine/service/param/query/TaskInstanceQueryParam.class
Reader entry: ����&amp#0;&amp#0;&amp#0;4&amp#1;�
Checking to see if class com.alibaba.smart.framework.engine.service.param.command.BaseCommand matches criteria [is assignable to Object]
Checking to see if class com.alibaba.smart.framework.engine.service.param.command.CreateDeploymentCommand matches criteria [is assignable to Object]
Checking to see if class com.alibaba.smart.framework.engine.service.param.command.UpdateDeploymentCommand matches criteria [is assignable to Object]
Checking to see if class com.alibaba.smart.framework.engine.service.param.query.BaseQueryParam matches criteria [is assignable to Object]
Checking to see if class com.alibaba.smart.framework.engine.service.param.query.CompletedProcessQueryParam matches criteria [is assignable to Object]
Checking to see if class com.alibaba.smart.framework.engine.service.param.query.CompletedTaskQueryParam matches criteria [is assignable to Object]
Checking to see if class com.alibaba.smart.framework.engine.service.param.query.DeploymentInstanceQueryParam matches criteria [is assignable to Object]
Checking to see if class com.alibaba.smart.framework.engine.service.param.query.JsonCondition matches criteria [is assignable to Object]
Checking to see if class com.alibaba.smart.framework.engine.service.param.query.JsonInCondition matches criteria [is assignable to Object]
Checking to see if class com.alibaba.smart.framework.engine.service.param.query.NotificationQueryParam matches criteria [is assignable to Object]
Checking to see if class com.alibaba.smart.framework.engine.service.param.query.PaginateQueryParam matches criteria [is assignable to Object]
Checking to see if class com.alibaba.smart.framework.engine.service.param.query.PendingTaskQueryParam matches criteria [is assignable to Object]
Checking to see if class com.alibaba.smart.framework.engine.service.param.query.ProcessInstanceQueryParam matches criteria [is assignable to Object]
Checking to see if class com.alibaba.smart.framework.engine.service.param.query.SupervisionQueryParam matches criteria [is assignable to Object]
Checking to see if class com.alibaba.smart.framework.engine.service.param.query.TaskInstanceQueryByAssigneeParam matches criteria [is assignable to Object]
Checking to see if class com.alibaba.smart.framework.engine.service.param.query.TaskInstanceQueryParam matches criteria [is assignable to Object]
Creating a new SqlSession
Registering transaction synchronization for SqlSession [org.apache.ibatis.session.defaults.DefaultSqlSession@7e9da981]
JDBC Connection [org.postgresql.jdbc.PgConnection@9d1a267] will be managed by Spring
==>  Preparing: update se_execution_instance SET gmt_modified=CURRENT_TIMESTAMP ,active = CASE WHEN ? THEN 1 ELSE 0 END where id=?
==> Parameters: false(Boolean), 1770618641614(Long)
<==    Updates: 0
Releasing transactional SqlSession [org.apache.ibatis.session.defaults.DefaultSqlSession@7e9da981]
Fetched SqlSession [org.apache.ibatis.session.defaults.DefaultSqlSession@7e9da981] from current transaction
==>  Preparing: insert into se_process_instance ( id, gmt_create, gmt_modified, process_definition_id_and_version,process_definition_type,start_user_id, status, complete_time, parent_process_instance_id,parent_execution_instance_id, reason, biz_unique_id, title,tag,comment,tenant_id ) values (?, ?, ?, ?,?,?, ?, ?, ?,?, ?, ?, ?, ?,?, ?)
==> Parameters: 1770618641612(Long), 2026-02-09 14:30:41.612(Timestamp), 2026-02-09 14:30:41.612(Timestamp), exclusiveTest:1.0.0(String), null, null, running(String), null, null, null, null, null, null, null, null, null
<==    Updates: 1
Releasing transactional SqlSession [org.apache.ibatis.session.defaults.DefaultSqlSession@7e9da981]
Fetched SqlSession [org.apache.ibatis.session.defaults.DefaultSqlSession@7e9da981] from current transaction
==>  Preparing: select id, gmt_create, gmt_modified, process_definition_id_and_version,process_definition_type,start_user_id, status, complete_time, parent_process_instance_id,parent_execution_instance_id, reason, biz_unique_id, title,tag,comment,tenant_id from se_process_instance where id=?
==> Parameters: 1770618641612(Long)
<==    Columns: id, gmt_create, gmt_modified, process_definition_id_and_version, process_definition_type, start_user_id, status, complete_time, parent_process_instance_id, parent_execution_instance_id, reason, biz_unique_id, title, tag, comment, tenant_id
<==        Row: 1770618641612, 2026-02-09 14:30:41.612, 2026-02-09 14:30:41.612, exclusiveTest:1.0.0, null, null, running, null, null, null, null, null, null, null, null, null
<==      Total: 1
Releasing transactional SqlSession [org.apache.ibatis.session.defaults.DefaultSqlSession@7e9da981]
Fetched SqlSession [org.apache.ibatis.session.defaults.DefaultSqlSession@7e9da981] from current transaction
==>  Preparing: insert into se_activity_instance( id, gmt_create, gmt_modified, process_instance_id,process_definition_id_and_version,process_definition_activity_id,tenant_id ) values (?, ?, ?, ?, ?, ?,?)
==> Parameters: 1770618641613(Long), 2026-02-09 14:30:41.68(Timestamp), 2026-02-09 14:30:41.68(Timestamp), 1770618641612(Long), exclusiveTest:1.0.0(String), theStart(String), null
<==    Updates: 1
Releasing transactional SqlSession [org.apache.ibatis.session.defaults.DefaultSqlSession@7e9da981]
Fetched SqlSession [org.apache.ibatis.session.defaults.DefaultSqlSession@7e9da981] from current transaction
==>  Preparing: select id, gmt_create, gmt_modified, process_instance_id,process_definition_id_and_version,process_definition_activity_id,tenant_id from se_activity_instance where id=?
==> Parameters: 1770618641613(Long)
<==    Columns: id, gmt_create, gmt_modified, process_instance_id, process_definition_id_and_version, process_definition_activity_id, tenant_id
<==        Row: 1770618641613, 2026-02-09 14:30:41.68, 2026-02-09 14:30:41.68, 1770618641612, exclusiveTest:1.0.0, theStart, null
<==      Total: 1
Releasing transactional SqlSession [org.apache.ibatis.session.defaults.DefaultSqlSession@7e9da981]
Fetched SqlSession [org.apache.ibatis.session.defaults.DefaultSqlSession@7e9da981] from current transaction
==>  Preparing: insert into se_execution_instance( id, gmt_create, gmt_modified, process_instance_id,process_definition_id_and_version,process_definition_activity_id,activity_instance_id,active,block_id,tenant_id ) values (?, ?, ?, ?, ?, ?, ?, CASE WHEN ? THEN 1 ELSE 0 END, ?,?)
==> Parameters: 1770618641614(Long), 2026-02-09 14:30:41.684(Timestamp), 2026-02-09 14:30:41.684(Timestamp), 1770618641612(Long), exclusiveTest:1.0.0(String), theStart(String), 1770618641613(Long), false(Boolean), null, null
<==    Updates: 1
Releasing transactional SqlSession [org.apache.ibatis.session.defaults.DefaultSqlSession@7e9da981]
Fetched SqlSession [org.apache.ibatis.session.defaults.DefaultSqlSession@7e9da981] from current transaction
==>  Preparing: select id, gmt_create, gmt_modified, process_instance_id,process_definition_id_and_version,process_definition_activity_id,activity_instance_id,active,block_id,tenant_id from se_execution_instance where id=?
==> Parameters: 1770618641614(Long)
<==    Columns: id, gmt_create, gmt_modified, process_instance_id, process_definition_id_and_version, process_definition_activity_id, activity_instance_id, active, block_id, tenant_id
<==        Row: 1770618641614, 2026-02-09 14:30:41.684, 2026-02-09 14:30:41.684, 1770618641612, exclusiveTest:1.0.0, theStart, 1770618641613, 0, null, null
<==      Total: 1
Releasing transactional SqlSession [org.apache.ibatis.session.defaults.DefaultSqlSession@7e9da981]
Fetched SqlSession [org.apache.ibatis.session.defaults.DefaultSqlSession@7e9da981] from current transaction
==>  Preparing: insert into se_activity_instance( id, gmt_create, gmt_modified, process_instance_id,process_definition_id_and_version,process_definition_activity_id,tenant_id ) values (?, ?, ?, ?, ?, ?,?)
==> Parameters: 1770618641663(Long), 2026-02-09 14:30:41.687(Timestamp), 2026-02-09 14:30:41.687(Timestamp), 1770618641612(Long), exclusiveTest:1.0.0(String), submitTask(String), null
<==    Updates: 1
Releasing transactional SqlSession [org.apache.ibatis.session.defaults.DefaultSqlSession@7e9da981]
Fetched SqlSession [org.apache.ibatis.session.defaults.DefaultSqlSession@7e9da981] from current transaction
==>  Preparing: select id, gmt_create, gmt_modified, process_instance_id,process_definition_id_and_version,process_definition_activity_id,tenant_id from se_activity_instance where id=?
==> Parameters: 1770618641663(Long)
<==    Columns: id, gmt_create, gmt_modified, process_instance_id, process_definition_id_and_version, process_definition_activity_id, tenant_id
<==        Row: 1770618641663, 2026-02-09 14:30:41.687, 2026-02-09 14:30:41.687, 1770618641612, exclusiveTest:1.0.0, submitTask, null
<==      Total: 1
Releasing transactional SqlSession [org.apache.ibatis.session.defaults.DefaultSqlSession@7e9da981]
Fetched SqlSession [org.apache.ibatis.session.defaults.DefaultSqlSession@7e9da981] from current transaction
==>  Preparing: insert into se_execution_instance( id, gmt_create, gmt_modified, process_instance_id,process_definition_id_and_version,process_definition_activity_id,activity_instance_id,active,block_id,tenant_id ) values (?, ?, ?, ?, ?, ?, ?, CASE WHEN ? THEN 1 ELSE 0 END, ?,?)
==> Parameters: 1770618641664(Long), 2026-02-09 14:30:41.689(Timestamp), 2026-02-09 14:30:41.689(Timestamp), 1770618641612(Long), exclusiveTest:1.0.0(String), submitTask(String), 1770618641663(Long), true(Boolean), null, null
<==    Updates: 1
Releasing transactional SqlSession [org.apache.ibatis.session.defaults.DefaultSqlSession@7e9da981]
Fetched SqlSession [org.apache.ibatis.session.defaults.DefaultSqlSession@7e9da981] from current transaction
==>  Preparing: select id, gmt_create, gmt_modified, process_instance_id,process_definition_id_and_version,process_definition_activity_id,activity_instance_id,active,block_id,tenant_id from se_execution_instance where id=?
==> Parameters: 1770618641664(Long)
<==    Columns: id, gmt_create, gmt_modified, process_instance_id, process_definition_id_and_version, process_definition_activity_id, activity_instance_id, active, block_id, tenant_id
<==        Row: 1770618641664, 2026-02-09 14:30:41.689, 2026-02-09 14:30:41.689, 1770618641612, exclusiveTest:1.0.0, submitTask, 1770618641663, 1, null, null
<==      Total: 1
Releasing transactional SqlSession [org.apache.ibatis.session.defaults.DefaultSqlSession@7e9da981]
Fetched SqlSession [org.apache.ibatis.session.defaults.DefaultSqlSession@7e9da981] from current transaction
==>  Preparing: insert into se_task_instance( id, gmt_create, gmt_modified,process_instance_id, process_definition_id_and_version,process_definition_type, activity_instance_id, process_definition_activity_id, execution_instance_id,claim_user_id,priority,tag,claim_time,complete_time,status,comment,extension,domain_code,extra,title,tenant_id ) values (?, ?, ?, ?, ?,?, ?, ?,?,?,?,?,?,?,?,?,?,?,?,?, ?)
==> Parameters: 1770618641665(Long), 2026-02-09 14:30:41.692(Timestamp), 2026-02-09 14:30:41.692(Timestamp), 1770618641612(Long), exclusiveTest:1.0.0(String), null, 1770618641663(Long), submitTask(String), 1770618641664(Long), null, null, null, null, null, pending(String), null, null, null, null, null, null
<==    Updates: 1
Releasing transactional SqlSession [org.apache.ibatis.session.defaults.DefaultSqlSession@7e9da981]
Fetched SqlSession [org.apache.ibatis.session.defaults.DefaultSqlSession@7e9da981] from current transaction
==>  Preparing: select id, gmt_create, gmt_modified,process_instance_id, process_definition_id_and_version,process_definition_type, activity_instance_id, process_definition_activity_id, execution_instance_id,claim_user_id,priority,tag,claim_time,complete_time,status,comment,extension,domain_code,extra,title,tenant_id from se_task_instance where id=?
==> Parameters: 1770618641665(Long)
<==    Columns: id, gmt_create, gmt_modified, process_instance_id, process_definition_id_and_version, process_definition_type, activity_instance_id, process_definition_activity_id, execution_instance_id, claim_user_id, priority, tag, claim_time, complete_time, status, comment, extension, domain_code, extra, title, tenant_id
<==        Row: 1770618641665, 2026-02-09 14:30:41.692, 2026-02-09 14:30:41.692, 1770618641612, exclusiveTest:1.0.0, null, 1770618641663, submitTask, 1770618641664, null, null, null, null, null, pending, null, null, null, null, null, null
<==      Total: 1
Releasing transactional SqlSession [org.apache.ibatis.session.defaults.DefaultSqlSession@7e9da981]
Fetched SqlSession [org.apache.ibatis.session.defaults.DefaultSqlSession@7e9da981] from current transaction
==>  Preparing: insert into se_task_assignee_instance( id, gmt_create, gmt_modified,process_instance_id, task_instance_id,assignee_id,assignee_type,tenant_id ) values (?, ?, ?, ?, ?,?,?, ?)
==> Parameters: 1770618641666(Long), 2026-02-09 14:30:41.7(Timestamp), 2026-02-09 14:30:41.7(Timestamp), 1770618641612(Long), 1770618641665(Long), 1(String), user(String), null
<==    Updates: 1
Releasing transactional SqlSession [org.apache.ibatis.session.defaults.DefaultSqlSession@7e9da981]
Fetched SqlSession [org.apache.ibatis.session.defaults.DefaultSqlSession@7e9da981] from current transaction
==>  Preparing: select id, gmt_create, gmt_modified,process_instance_id, task_instance_id,assignee_id,assignee_type,tenant_id from se_task_assignee_instance where id=?
==> Parameters: 1770618641666(Long)
<==    Columns: id, gmt_create, gmt_modified, process_instance_id, task_instance_id, assignee_id, assignee_type, tenant_id
<==        Row: 1770618641666, 2026-02-09 14:30:41.7, 2026-02-09 14:30:41.7, 1770618641612, 1770618641665, 1, user, null
<==      Total: 1
Releasing transactional SqlSession [org.apache.ibatis.session.defaults.DefaultSqlSession@7e9da981]
Fetched SqlSession [org.apache.ibatis.session.defaults.DefaultSqlSession@7e9da981] from current transaction
==>  Preparing: insert into se_task_assignee_instance( id, gmt_create, gmt_modified,process_instance_id, task_instance_id,assignee_id,assignee_type,tenant_id ) values (?, ?, ?, ?, ?,?,?, ?)
==> Parameters: 1770618641667(Long), 2026-02-09 14:30:41.702(Timestamp), 2026-02-09 14:30:41.702(Timestamp), 1770618641612(Long), 1770618641665(Long), 3(String), user(String), null
<==    Updates: 1
Releasing transactional SqlSession [org.apache.ibatis.session.defaults.DefaultSqlSession@7e9da981]
Fetched SqlSession [org.apache.ibatis.session.defaults.DefaultSqlSession@7e9da981] from current transaction
==>  Preparing: select id, gmt_create, gmt_modified,process_instance_id, task_instance_id,assignee_id,assignee_type,tenant_id from se_task_assignee_instance where id=?
==> Parameters: 1770618641667(Long)
<==    Columns: id, gmt_create, gmt_modified, process_instance_id, task_instance_id, assignee_id, assignee_type, tenant_id
<==        Row: 1770618641667, 2026-02-09 14:30:41.702, 2026-02-09 14:30:41.702, 1770618641612, 1770618641665, 3, user, null
<==      Total: 1
Releasing transactional SqlSession [org.apache.ibatis.session.defaults.DefaultSqlSession@7e9da981]
Fetched SqlSession [org.apache.ibatis.session.defaults.DefaultSqlSession@7e9da981] from current transaction
==>  Preparing: insert into se_task_assignee_instance( id, gmt_create, gmt_modified,process_instance_id, task_instance_id,assignee_id,assignee_type,tenant_id ) values (?, ?, ?, ?, ?,?,?, ?)
==> Parameters: 1770618641668(Long), 2026-02-09 14:30:41.703(Timestamp), 2026-02-09 14:30:41.703(Timestamp), 1770618641612(Long), 1770618641665(Long), 5(String), user(String), null
<==    Updates: 1
Releasing transactional SqlSession [org.apache.ibatis.session.defaults.DefaultSqlSession@7e9da981]
Fetched SqlSession [org.apache.ibatis.session.defaults.DefaultSqlSession@7e9da981] from current transaction
==>  Preparing: select id, gmt_create, gmt_modified,process_instance_id, task_instance_id,assignee_id,assignee_type,tenant_id from se_task_assignee_instance where id=?
==> Parameters: 1770618641668(Long)
<==    Columns: id, gmt_create, gmt_modified, process_instance_id, task_instance_id, assignee_id, assignee_type, tenant_id
<==        Row: 1770618641668, 2026-02-09 14:30:41.703, 2026-02-09 14:30:41.703, 1770618641612, 1770618641665, 5, user, null
<==      Total: 1
Releasing transactional SqlSession [org.apache.ibatis.session.defaults.DefaultSqlSession@7e9da981]
Fetched SqlSession [org.apache.ibatis.session.defaults.DefaultSqlSession@7e9da981] from current transaction
==>  Preparing: select id, gmt_create, gmt_modified,process_instance_id, process_definition_id_and_version,process_definition_type, activity_instance_id, process_definition_activity_id, execution_instance_id,claim_user_id,priority,tag,claim_time,complete_time,status,comment,extension,domain_code,extra,title,tenant_id from se_task_instance where process_instance_id = ? and status = ?
==> Parameters: 1770618641612(Long), pending(String)
<==    Columns: id, gmt_create, gmt_modified, process_instance_id, process_definition_id_and_version, process_definition_type, activity_instance_id, process_definition_activity_id, execution_instance_id, claim_user_id, priority, tag, claim_time, complete_time, status, comment, extension, domain_code, extra, title, tenant_id
<==        Row: 1770618641665, 2026-02-09 14:30:41.692, 2026-02-09 14:30:41.692, 1770618641612, exclusiveTest:1.0.0, null, 1770618641663, submitTask, 1770618641664, null, null, null, null, null, pending, null, null, null, null, null, null
<==      Total: 1
Releasing transactional SqlSession [org.apache.ibatis.session.defaults.DefaultSqlSession@7e9da981]
Fetched SqlSession [org.apache.ibatis.session.defaults.DefaultSqlSession@7e9da981] from current transaction
==>  Preparing: select id, gmt_create, gmt_modified,process_instance_id, process_definition_id_and_version,process_definition_type, activity_instance_id, process_definition_activity_id, execution_instance_id,claim_user_id,priority,tag,claim_time,complete_time,status,comment,extension,domain_code,extra,title,tenant_id from se_task_instance where id=?
==> Parameters: 1770618641665(Long)
<==    Columns: id, gmt_create, gmt_modified, process_instance_id, process_definition_id_and_version, process_definition_type, activity_instance_id, process_definition_activity_id, execution_instance_id, claim_user_id, priority, tag, claim_time, complete_time, status, comment, extension, domain_code, extra, title, tenant_id
<==        Row: 1770618641665, 2026-02-09 14:30:41.692, 2026-02-09 14:30:41.692, 1770618641612, exclusiveTest:1.0.0, null, 1770618641663, submitTask, 1770618641664, null, null, null, null, null, pending, null, null, null, null, null, null
<==      Total: 1
Releasing transactional SqlSession [org.apache.ibatis.session.defaults.DefaultSqlSession@7e9da981]
Fetched SqlSession [org.apache.ibatis.session.defaults.DefaultSqlSession@7e9da981] from current transaction
==>  Preparing: update se_task_instance SET gmt_modified=CURRENT_TIMESTAMP ,claim_time = ? ,complete_time = ? ,status = ? where id=? and status = ?
==> Parameters: 2026-02-09 14:30:41.706(Timestamp), 2026-02-09 14:30:41.706(Timestamp), completed(String), 1770618641665(Long), pending(String)
<==    Updates: 1
Releasing transactional SqlSession [org.apache.ibatis.session.defaults.DefaultSqlSession@7e9da981]
[WARN,DefaultTaskCommandService,main] Failed to close supervision for task: 1770618641665
java.lang.RuntimeException: Cannot resolve delegation: supervisionInstanceStorage
	at com.alibaba.smart.framework.engine.test.storage.dual.DualModeProcessTest$DualModeInstanceAccessor.access(DualModeProcessTest.java:241)
	at com.alibaba.smart.framework.engine.service.command.impl.DefaultTaskCommandService.complete(DefaultTaskCommandService.java:118)
	at com.alibaba.smart.framework.engine.service.command.impl.DefaultTaskCommandService.complete(DefaultTaskCommandService.java:133)
	at com.alibaba.smart.framework.engine.test.storage.dual.DualModeProcessTest.testBothModesInSingleMethod(DualModeProcessTest.java:147)
	at java.base/jdk.internal.reflect.DirectMethodHandleAccessor.invoke(DirectMethodHandleAccessor.java:103)
	at java.base/java.lang.reflect.Method.invoke(Method.java:580)
	at org.junit.runners.model.FrameworkMethod$1.runReflectiveCall(FrameworkMethod.java:59)
	at org.junit.internal.runners.model.ReflectiveCallable.run(ReflectiveCallable.java:12)
	at org.junit.runners.model.FrameworkMethod.invokeExplosively(FrameworkMethod.java:56)
	at org.junit.internal.runners.statements.InvokeMethod.evaluate(InvokeMethod.java:17)
	at org.springframework.test.context.junit4.statements.RunBeforeTestExecutionCallbacks.evaluate(RunBeforeTestExecutionCallbacks.java:74)
	at org.springframework.test.context.junit4.statements.RunAfterTestExecutionCallbacks.evaluate(RunAfterTestExecutionCallbacks.java:84)
	at org.junit.internal.runners.statements.RunBefores.evaluate(RunBefores.java:26)
	at org.springframework.test.context.junit4.statements.RunBeforeTestMethodCallbacks.evaluate(RunBeforeTestMethodCallbacks.java:75)
	at org.junit.internal.runners.statements.RunAfters.evaluate(RunAfters.java:27)
	at org.springframework.test.context.junit4.statements.RunAfterTestMethodCallbacks.evaluate(RunAfterTestMethodCallbacks.java:86)
	at org.springframework.test.context.junit4.statements.SpringRepeat.evaluate(SpringRepeat.java:84)
	at org.junit.runners.ParentRunner.runLeaf(ParentRunner.java:366)
	at org.springframework.test.context.junit4.SpringJUnit4ClassRunner.runChild(SpringJUnit4ClassRunner.java:251)
	at org.springframework.test.context.junit4.SpringJUnit4ClassRunner.runChild(SpringJUnit4ClassRunner.java:97)
	at org.junit.runners.ParentRunner$4.run(ParentRunner.java:331)
	at org.junit.runners.ParentRunner$1.schedule(ParentRunner.java:79)
	at org.junit.runners.ParentRunner.runChildren(ParentRunner.java:329)
	at org.junit.runners.ParentRunner.access$100(ParentRunner.java:66)
	at org.junit.runners.ParentRunner$2.evaluate(ParentRunner.java:293)
	at org.springframework.test.context.junit4.statements.RunBeforeTestClassCallbacks.evaluate(RunBeforeTestClassCallbacks.java:61)
	at org.springframework.test.context.junit4.statements.RunAfterTestClassCallbacks.evaluate(RunAfterTestClassCallbacks.java:70)
	at org.junit.runners.ParentRunner$3.evaluate(ParentRunner.java:306)
	at org.junit.runners.ParentRunner.run(ParentRunner.java:413)
	at org.springframework.test.context.junit4.SpringJUnit4ClassRunner.run(SpringJUnit4ClassRunner.java:190)
	at org.junit.runner.JUnitCore.run(JUnitCore.java:137)
	at org.junit.runner.JUnitCore.run(JUnitCore.java:115)
	at org.junit.vintage.engine.execution.RunnerExecutor.execute(RunnerExecutor.java:42)
	at org.junit.vintage.engine.VintageTestEngine.executeAllChildren(VintageTestEngine.java:80)
	at org.junit.vintage.engine.VintageTestEngine.execute(VintageTestEngine.java:72)
	at org.junit.platform.launcher.core.EngineExecutionOrchestrator.execute(EngineExecutionOrchestrator.java:147)
	at org.junit.platform.launcher.core.EngineExecutionOrchestrator.execute(EngineExecutionOrchestrator.java:127)
	at org.junit.platform.launcher.core.EngineExecutionOrchestrator.execute(EngineExecutionOrchestrator.java:90)
	at org.junit.platform.launcher.core.EngineExecutionOrchestrator.lambda$execute$0(EngineExecutionOrchestrator.java:55)
	at org.junit.platform.launcher.core.EngineExecutionOrchestrator.withInterceptedStreams(EngineExecutionOrchestrator.java:102)
	at org.junit.platform.launcher.core.EngineExecutionOrchestrator.execute(EngineExecutionOrchestrator.java:54)
	at org.junit.platform.launcher.core.DefaultLauncher.execute(DefaultLauncher.java:114)
	at org.junit.platform.launcher.core.DefaultLauncher.execute(DefaultLauncher.java:86)
	at org.junit.platform.launcher.core.DefaultLauncherSession$DelegatingLauncher.execute(DefaultLauncherSession.java:86)
	at org.apache.maven.surefire.junitplatform.LazyLauncher.execute(LazyLauncher.java:56)
	at org.apache.maven.surefire.junitplatform.JUnitPlatformProvider.execute(JUnitPlatformProvider.java:184)
	at org.apache.maven.surefire.junitplatform.JUnitPlatformProvider.invokeAllTests(JUnitPlatformProvider.java:148)
	at org.apache.maven.surefire.junitplatform.JUnitPlatformProvider.invoke(JUnitPlatformProvider.java:122)
	at org.apache.maven.surefire.booter.ForkedBooter.runSuitesInProcess(ForkedBooter.java:385)
	at org.apache.maven.surefire.booter.ForkedBooter.execute(ForkedBooter.java:162)
	at org.apache.maven.surefire.booter.ForkedBooter.run(ForkedBooter.java:507)
	at org.apache.maven.surefire.booter.ForkedBooter.main(ForkedBooter.java:495)
Caused by: java.lang.ClassNotFoundException: supervisionInstanceStorage
	at java.base/jdk.internal.loader.BuiltinClassLoader.loadClass(BuiltinClassLoader.java:641)
	at java.base/jdk.internal.loader.ClassLoaders$AppClassLoader.loadClass(ClassLoaders.java:188)
	at java.base/java.lang.ClassLoader.loadClass(ClassLoader.java:526)
	at java.base/java.lang.Class.forName0(Native Method)
	at java.base/java.lang.Class.forName(Class.java:421)
	at java.base/java.lang.Class.forName(Class.java:412)
	at com.alibaba.smart.framework.engine.test.storage.dual.DualModeProcessTest$DualModeInstanceAccessor.access(DualModeProcessTest.java:239)
	... 51 more
Fetched SqlSession [org.apache.ibatis.session.defaults.DefaultSqlSession@7e9da981] from current transaction
==>  Preparing: select id, gmt_create, gmt_modified, process_instance_id,process_definition_id_and_version,process_definition_activity_id,activity_instance_id,active,block_id,tenant_id from se_execution_instance where id=?
==> Parameters: 1770618641664(Long)
<==    Columns: id, gmt_create, gmt_modified, process_instance_id, process_definition_id_and_version, process_definition_activity_id, activity_instance_id, active, block_id, tenant_id
<==        Row: 1770618641664, 2026-02-09 14:30:41.689, 2026-02-09 14:30:41.689, 1770618641612, exclusiveTest:1.0.0, submitTask, 1770618641663, 1, null, null
<==      Total: 1
Releasing transactional SqlSession [org.apache.ibatis.session.defaults.DefaultSqlSession@7e9da981]
Fetched SqlSession [org.apache.ibatis.session.defaults.DefaultSqlSession@7e9da981] from current transaction
==>  Preparing: select id, gmt_create, gmt_modified, process_definition_id_and_version,process_definition_type,start_user_id, status, complete_time, parent_process_instance_id,parent_execution_instance_id, reason, biz_unique_id, title,tag,comment,tenant_id from se_process_instance where id=?
==> Parameters: 1770618641612(Long)
<==    Columns: id, gmt_create, gmt_modified, process_definition_id_and_version, process_definition_type, start_user_id, status, complete_time, parent_process_instance_id, parent_execution_instance_id, reason, biz_unique_id, title, tag, comment, tenant_id
<==        Row: 1770618641612, 2026-02-09 14:30:41.612, 2026-02-09 14:30:41.612, exclusiveTest:1.0.0, null, null, running, null, null, null, null, null, null, null, null, null
<==      Total: 1
Releasing transactional SqlSession [org.apache.ibatis.session.defaults.DefaultSqlSession@7e9da981]
Fetched SqlSession [org.apache.ibatis.session.defaults.DefaultSqlSession@7e9da981] from current transaction
==>  Preparing: select id, gmt_create, gmt_modified, process_instance_id,process_definition_id_and_version,process_definition_activity_id,tenant_id from se_activity_instance where id=?
==> Parameters: 1770618641663(Long)
<==    Columns: id, gmt_create, gmt_modified, process_instance_id, process_definition_id_and_version, process_definition_activity_id, tenant_id
<==        Row: 1770618641663, 2026-02-09 14:30:41.687, 2026-02-09 14:30:41.687, 1770618641612, exclusiveTest:1.0.0, submitTask, null
<==      Total: 1
Releasing transactional SqlSession [org.apache.ibatis.session.defaults.DefaultSqlSession@7e9da981]
Fetched SqlSession [org.apache.ibatis.session.defaults.DefaultSqlSession@7e9da981] from current transaction
==>  Preparing: update se_execution_instance SET gmt_modified=CURRENT_TIMESTAMP ,active = CASE WHEN ? THEN 1 ELSE 0 END where id=?
==> Parameters: false(Boolean), 1770618641664(Long)
<==    Updates: 1
Releasing transactional SqlSession [org.apache.ibatis.session.defaults.DefaultSqlSession@7e9da981]
Fetched SqlSession [org.apache.ibatis.session.defaults.DefaultSqlSession@7e9da981] from current transaction
==>  Preparing: update se_execution_instance SET gmt_modified=CURRENT_TIMESTAMP ,active = CASE WHEN ? THEN 1 ELSE 0 END where id=?
==> Parameters: false(Boolean), 1770618641664(Long)
<==    Updates: 1
Releasing transactional SqlSession [org.apache.ibatis.session.defaults.DefaultSqlSession@7e9da981]
Fetched SqlSession [org.apache.ibatis.session.defaults.DefaultSqlSession@7e9da981] from current transaction
==>  Preparing: update se_process_instance SET gmt_modified=CURRENT_TIMESTAMP ,status = ? where id=?
==> Parameters: running(String), 1770618641612(Long)
<==    Updates: 1
Releasing transactional SqlSession [org.apache.ibatis.session.defaults.DefaultSqlSession@7e9da981]
Fetched SqlSession [org.apache.ibatis.session.defaults.DefaultSqlSession@7e9da981] from current transaction
==>  Preparing: insert into se_activity_instance( id, gmt_create, gmt_modified, process_instance_id,process_definition_id_and_version,process_definition_activity_id,tenant_id ) values (?, ?, ?, ?, ?, ?,?)
==> Parameters: 1770618641726(Long), 2026-02-09 14:30:41.717(Timestamp), 2026-02-09 14:30:41.717(Timestamp), 1770618641612(Long), exclusiveTest:1.0.0(String), auditTask(String), null
<==    Updates: 1
Releasing transactional SqlSession [org.apache.ibatis.session.defaults.DefaultSqlSession@7e9da981]
Fetched SqlSession [org.apache.ibatis.session.defaults.DefaultSqlSession@7e9da981] from current transaction
==>  Preparing: select id, gmt_create, gmt_modified, process_instance_id,process_definition_id_and_version,process_definition_activity_id,tenant_id from se_activity_instance where id=?
==> Parameters: 1770618641726(Long)
<==    Columns: id, gmt_create, gmt_modified, process_instance_id, process_definition_id_and_version, process_definition_activity_id, tenant_id
<==        Row: 1770618641726, 2026-02-09 14:30:41.717, 2026-02-09 14:30:41.717, 1770618641612, exclusiveTest:1.0.0, auditTask, null
<==      Total: 1
Releasing transactional SqlSession [org.apache.ibatis.session.defaults.DefaultSqlSession@7e9da981]
Fetched SqlSession [org.apache.ibatis.session.defaults.DefaultSqlSession@7e9da981] from current transaction
==>  Preparing: insert into se_execution_instance( id, gmt_create, gmt_modified, process_instance_id,process_definition_id_and_version,process_definition_activity_id,activity_instance_id,active,block_id,tenant_id ) values (?, ?, ?, ?, ?, ?, ?, CASE WHEN ? THEN 1 ELSE 0 END, ?,?)
==> Parameters: 1770618641727(Long), 2026-02-09 14:30:41.718(Timestamp), 2026-02-09 14:30:41.718(Timestamp), 1770618641612(Long), exclusiveTest:1.0.0(String), auditTask(String), 1770618641726(Long), true(Boolean), null, null
<==    Updates: 1
Releasing transactional SqlSession [org.apache.ibatis.session.defaults.DefaultSqlSession@7e9da981]
Fetched SqlSession [org.apache.ibatis.session.defaults.DefaultSqlSession@7e9da981] from current transaction
==>  Preparing: select id, gmt_create, gmt_modified, process_instance_id,process_definition_id_and_version,process_definition_activity_id,activity_instance_id,active,block_id,tenant_id from se_execution_instance where id=?
==> Parameters: 1770618641727(Long)
<==    Columns: id, gmt_create, gmt_modified, process_instance_id, process_definition_id_and_version, process_definition_activity_id, activity_instance_id, active, block_id, tenant_id
<==        Row: 1770618641727, 2026-02-09 14:30:41.718, 2026-02-09 14:30:41.718, 1770618641612, exclusiveTest:1.0.0, auditTask, 1770618641726, 1, null, null
<==      Total: 1
Releasing transactional SqlSession [org.apache.ibatis.session.defaults.DefaultSqlSession@7e9da981]
Fetched SqlSession [org.apache.ibatis.session.defaults.DefaultSqlSession@7e9da981] from current transaction
==>  Preparing: insert into se_task_instance( id, gmt_create, gmt_modified,process_instance_id, process_definition_id_and_version,process_definition_type, activity_instance_id, process_definition_activity_id, execution_instance_id,claim_user_id,priority,tag,claim_time,complete_time,status,comment,extension,domain_code,extra,title,tenant_id ) values (?, ?, ?, ?, ?,?, ?, ?,?,?,?,?,?,?,?,?,?,?,?,?, ?)
==> Parameters: 1770618641728(Long), 2026-02-09 14:30:41.719(Timestamp), 2026-02-09 14:30:41.719(Timestamp), 1770618641612(Long), exclusiveTest:1.0.0(String), null, 1770618641726(Long), auditTask(String), 1770618641727(Long), null, null, null, null, null, pending(String), null, null, null, null, null, null
<==    Updates: 1
Releasing transactional SqlSession [org.apache.ibatis.session.defaults.DefaultSqlSession@7e9da981]
Fetched SqlSession [org.apache.ibatis.session.defaults.DefaultSqlSession@7e9da981] from current transaction
==>  Preparing: select id, gmt_create, gmt_modified,process_instance_id, process_definition_id_and_version,process_definition_type, activity_instance_id, process_definition_activity_id, execution_instance_id,claim_user_id,priority,tag,claim_time,complete_time,status,comment,extension,domain_code,extra,title,tenant_id from se_task_instance where id=?
==> Parameters: 1770618641728(Long)
<==    Columns: id, gmt_create, gmt_modified, process_instance_id, process_definition_id_and_version, process_definition_type, activity_instance_id, process_definition_activity_id, execution_instance_id, claim_user_id, priority, tag, claim_time, complete_time, status, comment, extension, domain_code, extra, title, tenant_id
<==        Row: 1770618641728, 2026-02-09 14:30:41.719, 2026-02-09 14:30:41.719, 1770618641612, exclusiveTest:1.0.0, null, 1770618641726, auditTask, 1770618641727, null, null, null, null, null, pending, null, null, null, null, null, null
<==      Total: 1
Releasing transactional SqlSession [org.apache.ibatis.session.defaults.DefaultSqlSession@7e9da981]
Fetched SqlSession [org.apache.ibatis.session.defaults.DefaultSqlSession@7e9da981] from current transaction
==>  Preparing: insert into se_task_assignee_instance( id, gmt_create, gmt_modified,process_instance_id, task_instance_id,assignee_id,assignee_type,tenant_id ) values (?, ?, ?, ?, ?,?,?, ?)
==> Parameters: 1770618641729(Long), 2026-02-09 14:30:41.72(Timestamp), 2026-02-09 14:30:41.72(Timestamp), 1770618641612(Long), 1770618641728(Long), 1(String), user(String), null
<==    Updates: 1
Releasing transactional SqlSession [org.apache.ibatis.session.defaults.DefaultSqlSession@7e9da981]
Fetched SqlSession [org.apache.ibatis.session.defaults.DefaultSqlSession@7e9da981] from current transaction
==>  Preparing: select id, gmt_create, gmt_modified,process_instance_id, task_instance_id,assignee_id,assignee_type,tenant_id from se_task_assignee_instance where id=?
==> Parameters: 1770618641729(Long)
<==    Columns: id, gmt_create, gmt_modified, process_instance_id, task_instance_id, assignee_id, assignee_type, tenant_id
<==        Row: 1770618641729, 2026-02-09 14:30:41.72, 2026-02-09 14:30:41.72, 1770618641612, 1770618641728, 1, user, null
<==      Total: 1
Releasing transactional SqlSession [org.apache.ibatis.session.defaults.DefaultSqlSession@7e9da981]
Fetched SqlSession [org.apache.ibatis.session.defaults.DefaultSqlSession@7e9da981] from current transaction
==>  Preparing: insert into se_task_assignee_instance( id, gmt_create, gmt_modified,process_instance_id, task_instance_id,assignee_id,assignee_type,tenant_id ) values (?, ?, ?, ?, ?,?,?, ?)
==> Parameters: 1770618641730(Long), 2026-02-09 14:30:41.721(Timestamp), 2026-02-09 14:30:41.721(Timestamp), 1770618641612(Long), 1770618641728(Long), 3(String), user(String), null
<==    Updates: 1
Releasing transactional SqlSession [org.apache.ibatis.session.defaults.DefaultSqlSession@7e9da981]
Fetched SqlSession [org.apache.ibatis.session.defaults.DefaultSqlSession@7e9da981] from current transaction
==>  Preparing: select id, gmt_create, gmt_modified,process_instance_id, task_instance_id,assignee_id,assignee_type,tenant_id from se_task_assignee_instance where id=?
==> Parameters: 1770618641730(Long)
<==    Columns: id, gmt_create, gmt_modified, process_instance_id, task_instance_id, assignee_id, assignee_type, tenant_id
<==        Row: 1770618641730, 2026-02-09 14:30:41.721, 2026-02-09 14:30:41.721, 1770618641612, 1770618641728, 3, user, null
<==      Total: 1
Releasing transactional SqlSession [org.apache.ibatis.session.defaults.DefaultSqlSession@7e9da981]
Fetched SqlSession [org.apache.ibatis.session.defaults.DefaultSqlSession@7e9da981] from current transaction
==>  Preparing: insert into se_task_assignee_instance( id, gmt_create, gmt_modified,process_instance_id, task_instance_id,assignee_id,assignee_type,tenant_id ) values (?, ?, ?, ?, ?,?,?, ?)
==> Parameters: 1770618641731(Long), 2026-02-09 14:30:41.722(Timestamp), 2026-02-09 14:30:41.722(Timestamp), 1770618641612(Long), 1770618641728(Long), 5(String), user(String), null
<==    Updates: 1
Releasing transactional SqlSession [org.apache.ibatis.session.defaults.DefaultSqlSession@7e9da981]
Fetched SqlSession [org.apache.ibatis.session.defaults.DefaultSqlSession@7e9da981] from current transaction
==>  Preparing: select id, gmt_create, gmt_modified,process_instance_id, task_instance_id,assignee_id,assignee_type,tenant_id from se_task_assignee_instance where id=?
==> Parameters: 1770618641731(Long)
<==    Columns: id, gmt_create, gmt_modified, process_instance_id, task_instance_id, assignee_id, assignee_type, tenant_id
<==        Row: 1770618641731, 2026-02-09 14:30:41.722, 2026-02-09 14:30:41.722, 1770618641612, 1770618641728, 5, user, null
<==      Total: 1
Releasing transactional SqlSession [org.apache.ibatis.session.defaults.DefaultSqlSession@7e9da981]
Fetched SqlSession [org.apache.ibatis.session.defaults.DefaultSqlSession@7e9da981] from current transaction
==>  Preparing: select id, gmt_create, gmt_modified,process_instance_id, process_definition_id_and_version,process_definition_type, activity_instance_id, process_definition_activity_id, execution_instance_id,claim_user_id,priority,tag,claim_time,complete_time,status,comment,extension,domain_code,extra,title,tenant_id from se_task_instance where process_instance_id = ? and status = ?
==> Parameters: 1770618641612(Long), pending(String)
<==    Columns: id, gmt_create, gmt_modified, process_instance_id, process_definition_id_and_version, process_definition_type, activity_instance_id, process_definition_activity_id, execution_instance_id, claim_user_id, priority, tag, claim_time, complete_time, status, comment, extension, domain_code, extra, title, tenant_id
<==        Row: 1770618641728, 2026-02-09 14:30:41.719, 2026-02-09 14:30:41.719, 1770618641612, exclusiveTest:1.0.0, null, 1770618641726, auditTask, 1770618641727, null, null, null, null, null, pending, null, null, null, null, null, null
<==      Total: 1
Releasing transactional SqlSession [org.apache.ibatis.session.defaults.DefaultSqlSession@7e9da981]
Fetched SqlSession [org.apache.ibatis.session.defaults.DefaultSqlSession@7e9da981] from current transaction
==>  Preparing: select id, gmt_create, gmt_modified,process_instance_id, process_definition_id_and_version,process_definition_type, activity_instance_id, process_definition_activity_id, execution_instance_id,claim_user_id,priority,tag,claim_time,complete_time,status,comment,extension,domain_code,extra,title,tenant_id from se_task_instance where id=?
==> Parameters: 1770618641728(Long)
<==    Columns: id, gmt_create, gmt_modified, process_instance_id, process_definition_id_and_version, process_definition_type, activity_instance_id, process_definition_activity_id, execution_instance_id, claim_user_id, priority, tag, claim_time, complete_time, status, comment, extension, domain_code, extra, title, tenant_id
<==        Row: 1770618641728, 2026-02-09 14:30:41.719, 2026-02-09 14:30:41.719, 1770618641612, exclusiveTest:1.0.0, null, 1770618641726, auditTask, 1770618641727, null, null, null, null, null, pending, null, null, null, null, null, null
<==      Total: 1
Releasing transactional SqlSession [org.apache.ibatis.session.defaults.DefaultSqlSession@7e9da981]
Fetched SqlSession [org.apache.ibatis.session.defaults.DefaultSqlSession@7e9da981] from current transaction
==>  Preparing: update se_task_instance SET gmt_modified=CURRENT_TIMESTAMP ,claim_time = ? ,complete_time = ? ,status = ? where id=? and status = ?
==> Parameters: 2026-02-09 14:30:41.725(Timestamp), 2026-02-09 14:30:41.725(Timestamp), completed(String), 1770618641728(Long), pending(String)
<==    Updates: 1
Releasing transactional SqlSession [org.apache.ibatis.session.defaults.DefaultSqlSession@7e9da981]
[WARN,DefaultTaskCommandService,main] Failed to close supervision for task: 1770618641728
java.lang.RuntimeException: Cannot resolve delegation: supervisionInstanceStorage
	at com.alibaba.smart.framework.engine.test.storage.dual.DualModeProcessTest$DualModeInstanceAccessor.access(DualModeProcessTest.java:241)
	at com.alibaba.smart.framework.engine.service.command.impl.DefaultTaskCommandService.complete(DefaultTaskCommandService.java:118)
	at com.alibaba.smart.framework.engine.service.command.impl.DefaultTaskCommandService.complete(DefaultTaskCommandService.java:133)
	at com.alibaba.smart.framework.engine.test.storage.dual.DualModeProcessTest.testBothModesInSingleMethod(DualModeProcessTest.java:158)
	at java.base/jdk.internal.reflect.DirectMethodHandleAccessor.invoke(DirectMethodHandleAccessor.java:103)
	at java.base/java.lang.reflect.Method.invoke(Method.java:580)
	at org.junit.runners.model.FrameworkMethod$1.runReflectiveCall(FrameworkMethod.java:59)
	at org.junit.internal.runners.model.ReflectiveCallable.run(ReflectiveCallable.java:12)
	at org.junit.runners.model.FrameworkMethod.invokeExplosively(FrameworkMethod.java:56)
	at org.junit.internal.runners.statements.InvokeMethod.evaluate(InvokeMethod.java:17)
	at org.springframework.test.context.junit4.statements.RunBeforeTestExecutionCallbacks.evaluate(RunBeforeTestExecutionCallbacks.java:74)
	at org.springframework.test.context.junit4.statements.RunAfterTestExecutionCallbacks.evaluate(RunAfterTestExecutionCallbacks.java:84)
	at org.junit.internal.runners.statements.RunBefores.evaluate(RunBefores.java:26)
	at org.springframework.test.context.junit4.statements.RunBeforeTestMethodCallbacks.evaluate(RunBeforeTestMethodCallbacks.java:75)
	at org.junit.internal.runners.statements.RunAfters.evaluate(RunAfters.java:27)
	at org.springframework.test.context.junit4.statements.RunAfterTestMethodCallbacks.evaluate(RunAfterTestMethodCallbacks.java:86)
	at org.springframework.test.context.junit4.statements.SpringRepeat.evaluate(SpringRepeat.java:84)
	at org.junit.runners.ParentRunner.runLeaf(ParentRunner.java:366)
	at org.springframework.test.context.junit4.SpringJUnit4ClassRunner.runChild(SpringJUnit4ClassRunner.java:251)
	at org.springframework.test.context.junit4.SpringJUnit4ClassRunner.runChild(SpringJUnit4ClassRunner.java:97)
	at org.junit.runners.ParentRunner$4.run(ParentRunner.java:331)
	at org.junit.runners.ParentRunner$1.schedule(ParentRunner.java:79)
	at org.junit.runners.ParentRunner.runChildren(ParentRunner.java:329)
	at org.junit.runners.ParentRunner.access$100(ParentRunner.java:66)
	at org.junit.runners.ParentRunner$2.evaluate(ParentRunner.java:293)
	at org.springframework.test.context.junit4.statements.RunBeforeTestClassCallbacks.evaluate(RunBeforeTestClassCallbacks.java:61)
	at org.springframework.test.context.junit4.statements.RunAfterTestClassCallbacks.evaluate(RunAfterTestClassCallbacks.java:70)
	at org.junit.runners.ParentRunner$3.evaluate(ParentRunner.java:306)
	at org.junit.runners.ParentRunner.run(ParentRunner.java:413)
	at org.springframework.test.context.junit4.SpringJUnit4ClassRunner.run(SpringJUnit4ClassRunner.java:190)
	at org.junit.runner.JUnitCore.run(JUnitCore.java:137)
	at org.junit.runner.JUnitCore.run(JUnitCore.java:115)
	at org.junit.vintage.engine.execution.RunnerExecutor.execute(RunnerExecutor.java:42)
	at org.junit.vintage.engine.VintageTestEngine.executeAllChildren(VintageTestEngine.java:80)
	at org.junit.vintage.engine.VintageTestEngine.execute(VintageTestEngine.java:72)
	at org.junit.platform.launcher.core.EngineExecutionOrchestrator.execute(EngineExecutionOrchestrator.java:147)
	at org.junit.platform.launcher.core.EngineExecutionOrchestrator.execute(EngineExecutionOrchestrator.java:127)
	at org.junit.platform.launcher.core.EngineExecutionOrchestrator.execute(EngineExecutionOrchestrator.java:90)
	at org.junit.platform.launcher.core.EngineExecutionOrchestrator.lambda$execute$0(EngineExecutionOrchestrator.java:55)
	at org.junit.platform.launcher.core.EngineExecutionOrchestrator.withInterceptedStreams(EngineExecutionOrchestrator.java:102)
	at org.junit.platform.launcher.core.EngineExecutionOrchestrator.execute(EngineExecutionOrchestrator.java:54)
	at org.junit.platform.launcher.core.DefaultLauncher.execute(DefaultLauncher.java:114)
	at org.junit.platform.launcher.core.DefaultLauncher.execute(DefaultLauncher.java:86)
	at org.junit.platform.launcher.core.DefaultLauncherSession$DelegatingLauncher.execute(DefaultLauncherSession.java:86)
	at org.apache.maven.surefire.junitplatform.LazyLauncher.execute(LazyLauncher.java:56)
	at org.apache.maven.surefire.junitplatform.JUnitPlatformProvider.execute(JUnitPlatformProvider.java:184)
	at org.apache.maven.surefire.junitplatform.JUnitPlatformProvider.invokeAllTests(JUnitPlatformProvider.java:148)
	at org.apache.maven.surefire.junitplatform.JUnitPlatformProvider.invoke(JUnitPlatformProvider.java:122)
	at org.apache.maven.surefire.booter.ForkedBooter.runSuitesInProcess(ForkedBooter.java:385)
	at org.apache.maven.surefire.booter.ForkedBooter.execute(ForkedBooter.java:162)
	at org.apache.maven.surefire.booter.ForkedBooter.run(ForkedBooter.java:507)
	at org.apache.maven.surefire.booter.ForkedBooter.main(ForkedBooter.java:495)
Caused by: java.lang.ClassNotFoundException: supervisionInstanceStorage
	at java.base/jdk.internal.loader.BuiltinClassLoader.loadClass(BuiltinClassLoader.java:641)
	at java.base/jdk.internal.loader.ClassLoaders$AppClassLoader.loadClass(ClassLoaders.java:188)
	at java.base/java.lang.ClassLoader.loadClass(ClassLoader.java:526)
	at java.base/java.lang.Class.forName0(Native Method)
	at java.base/java.lang.Class.forName(Class.java:421)
	at java.base/java.lang.Class.forName(Class.java:412)
	at com.alibaba.smart.framework.engine.test.storage.dual.DualModeProcessTest$DualModeInstanceAccessor.access(DualModeProcessTest.java:239)
	... 51 more
Fetched SqlSession [org.apache.ibatis.session.defaults.DefaultSqlSession@7e9da981] from current transaction
==>  Preparing: select id, gmt_create, gmt_modified, process_instance_id,process_definition_id_and_version,process_definition_activity_id,activity_instance_id,active,block_id,tenant_id from se_execution_instance where id=?
==> Parameters: 1770618641727(Long)
<==    Columns: id, gmt_create, gmt_modified, process_instance_id, process_definition_id_and_version, process_definition_activity_id, activity_instance_id, active, block_id, tenant_id
<==        Row: 1770618641727, 2026-02-09 14:30:41.718, 2026-02-09 14:30:41.718, 1770618641612, exclusiveTest:1.0.0, auditTask, 1770618641726, 1, null, null
<==      Total: 1
Releasing transactional SqlSession [org.apache.ibatis.session.defaults.DefaultSqlSession@7e9da981]
Fetched SqlSession [org.apache.ibatis.session.defaults.DefaultSqlSession@7e9da981] from current transaction
==>  Preparing: select id, gmt_create, gmt_modified, process_definition_id_and_version,process_definition_type,start_user_id, status, complete_time, parent_process_instance_id,parent_execution_instance_id, reason, biz_unique_id, title,tag,comment,tenant_id from se_process_instance where id=?
==> Parameters: 1770618641612(Long)
<==    Columns: id, gmt_create, gmt_modified, process_definition_id_and_version, process_definition_type, start_user_id, status, complete_time, parent_process_instance_id, parent_execution_instance_id, reason, biz_unique_id, title, tag, comment, tenant_id
<==        Row: 1770618641612, 2026-02-09 14:30:41.612, 2026-02-09 14:30:41.658599, exclusiveTest:1.0.0, null, null, running, null, null, null, null, null, null, null, null, null
<==      Total: 1
Releasing transactional SqlSession [org.apache.ibatis.session.defaults.DefaultSqlSession@7e9da981]
Fetched SqlSession [org.apache.ibatis.session.defaults.DefaultSqlSession@7e9da981] from current transaction
==>  Preparing: select id, gmt_create, gmt_modified, process_instance_id,process_definition_id_and_version,process_definition_activity_id,tenant_id from se_activity_instance where id=?
==> Parameters: 1770618641726(Long)
<==    Columns: id, gmt_create, gmt_modified, process_instance_id, process_definition_id_and_version, process_definition_activity_id, tenant_id
<==        Row: 1770618641726, 2026-02-09 14:30:41.717, 2026-02-09 14:30:41.717, 1770618641612, exclusiveTest:1.0.0, auditTask, null
<==      Total: 1
Releasing transactional SqlSession [org.apache.ibatis.session.defaults.DefaultSqlSession@7e9da981]
Fetched SqlSession [org.apache.ibatis.session.defaults.DefaultSqlSession@7e9da981] from current transaction
==>  Preparing: update se_execution_instance SET gmt_modified=CURRENT_TIMESTAMP ,active = CASE WHEN ? THEN 1 ELSE 0 END where id=?
==> Parameters: false(Boolean), 1770618641727(Long)
<==    Updates: 1
Releasing transactional SqlSession [org.apache.ibatis.session.defaults.DefaultSqlSession@7e9da981]
Fetched SqlSession [org.apache.ibatis.session.defaults.DefaultSqlSession@7e9da981] from current transaction
==>  Preparing: update se_execution_instance SET gmt_modified=CURRENT_TIMESTAMP ,active = CASE WHEN ? THEN 1 ELSE 0 END where id=?
==> Parameters: false(Boolean), 1770618641727(Long)
<==    Updates: 1
Releasing transactional SqlSession [org.apache.ibatis.session.defaults.DefaultSqlSession@7e9da981]
Fetched SqlSession [org.apache.ibatis.session.defaults.DefaultSqlSession@7e9da981] from current transaction
==>  Preparing: update se_execution_instance SET gmt_modified=CURRENT_TIMESTAMP ,active = CASE WHEN ? THEN 1 ELSE 0 END where id=?
==> Parameters: false(Boolean), 1770618641746(Long)
<==    Updates: 0
Releasing transactional SqlSession [org.apache.ibatis.session.defaults.DefaultSqlSession@7e9da981]
Fetched SqlSession [org.apache.ibatis.session.defaults.DefaultSqlSession@7e9da981] from current transaction
==>  Preparing: update se_execution_instance SET gmt_modified=CURRENT_TIMESTAMP ,active = CASE WHEN ? THEN 1 ELSE 0 END where id=?
==> Parameters: false(Boolean), 1770618641767(Long)
<==    Updates: 0
Releasing transactional SqlSession [org.apache.ibatis.session.defaults.DefaultSqlSession@7e9da981]
Fetched SqlSession [org.apache.ibatis.session.defaults.DefaultSqlSession@7e9da981] from current transaction
==>  Preparing: update se_execution_instance SET gmt_modified=CURRENT_TIMESTAMP ,active = CASE WHEN ? THEN 1 ELSE 0 END where id=?
==> Parameters: false(Boolean), 1770618641769(Long)
<==    Updates: 0
Releasing transactional SqlSession [org.apache.ibatis.session.defaults.DefaultSqlSession@7e9da981]
Fetched SqlSession [org.apache.ibatis.session.defaults.DefaultSqlSession@7e9da981] from current transaction
==>  Preparing: update se_process_instance SET gmt_modified=CURRENT_TIMESTAMP ,status = ? where id=?
==> Parameters: completed(String), 1770618641612(Long)
<==    Updates: 1
Releasing transactional SqlSession [org.apache.ibatis.session.defaults.DefaultSqlSession@7e9da981]
Fetched SqlSession [org.apache.ibatis.session.defaults.DefaultSqlSession@7e9da981] from current transaction
==>  Preparing: insert into se_activity_instance( id, gmt_create, gmt_modified, process_instance_id,process_definition_id_and_version,process_definition_activity_id,tenant_id ) values (?, ?, ?, ?, ?, ?,?)
==> Parameters: 1770618641745(Long), 2026-02-09 14:30:41.75(Timestamp), 2026-02-09 14:30:41.75(Timestamp), 1770618641612(Long), exclusiveTest:1.0.0(String), exclusiveGw1(String), null
<==    Updates: 1
Releasing transactional SqlSession [org.apache.ibatis.session.defaults.DefaultSqlSession@7e9da981]
Fetched SqlSession [org.apache.ibatis.session.defaults.DefaultSqlSession@7e9da981] from current transaction
==>  Preparing: select id, gmt_create, gmt_modified, process_instance_id,process_definition_id_and_version,process_definition_activity_id,tenant_id from se_activity_instance where id=?
==> Parameters: 1770618641745(Long)
<==    Columns: id, gmt_create, gmt_modified, process_instance_id, process_definition_id_and_version, process_definition_activity_id, tenant_id
<==        Row: 1770618641745, 2026-02-09 14:30:41.75, 2026-02-09 14:30:41.75, 1770618641612, exclusiveTest:1.0.0, exclusiveGw1, null
<==      Total: 1
Releasing transactional SqlSession [org.apache.ibatis.session.defaults.DefaultSqlSession@7e9da981]
Fetched SqlSession [org.apache.ibatis.session.defaults.DefaultSqlSession@7e9da981] from current transaction
==>  Preparing: insert into se_execution_instance( id, gmt_create, gmt_modified, process_instance_id,process_definition_id_and_version,process_definition_activity_id,activity_instance_id,active,block_id,tenant_id ) values (?, ?, ?, ?, ?, ?, ?, CASE WHEN ? THEN 1 ELSE 0 END, ?,?)
==> Parameters: 1770618641746(Long), 2026-02-09 14:30:41.751(Timestamp), 2026-02-09 14:30:41.751(Timestamp), 1770618641612(Long), exclusiveTest:1.0.0(String), exclusiveGw1(String), 1770618641745(Long), false(Boolean), null, null
<==    Updates: 1
Releasing transactional SqlSession [org.apache.ibatis.session.defaults.DefaultSqlSession@7e9da981]
Fetched SqlSession [org.apache.ibatis.session.defaults.DefaultSqlSession@7e9da981] from current transaction
==>  Preparing: select id, gmt_create, gmt_modified, process_instance_id,process_definition_id_and_version,process_definition_activity_id,activity_instance_id,active,block_id,tenant_id from se_execution_instance where id=?
==> Parameters: 1770618641746(Long)
<==    Columns: id, gmt_create, gmt_modified, process_instance_id, process_definition_id_and_version, process_definition_activity_id, activity_instance_id, active, block_id, tenant_id
<==        Row: 1770618641746, 2026-02-09 14:30:41.751, 2026-02-09 14:30:41.751, 1770618641612, exclusiveTest:1.0.0, exclusiveGw1, 1770618641745, 0, null, null
<==      Total: 1
Releasing transactional SqlSession [org.apache.ibatis.session.defaults.DefaultSqlSession@7e9da981]
Fetched SqlSession [org.apache.ibatis.session.defaults.DefaultSqlSession@7e9da981] from current transaction
==>  Preparing: insert into se_activity_instance( id, gmt_create, gmt_modified, process_instance_id,process_definition_id_and_version,process_definition_activity_id,tenant_id ) values (?, ?, ?, ?, ?, ?,?)
==> Parameters: 1770618641766(Long), 2026-02-09 14:30:41.752(Timestamp), 2026-02-09 14:30:41.752(Timestamp), 1770618641612(Long), exclusiveTest:1.0.0(String), executeTask(String), null
<==    Updates: 1
Releasing transactional SqlSession [org.apache.ibatis.session.defaults.DefaultSqlSession@7e9da981]
Fetched SqlSession [org.apache.ibatis.session.defaults.DefaultSqlSession@7e9da981] from current transaction
==>  Preparing: select id, gmt_create, gmt_modified, process_instance_id,process_definition_id_and_version,process_definition_activity_id,tenant_id from se_activity_instance where id=?
==> Parameters: 1770618641766(Long)
<==    Columns: id, gmt_create, gmt_modified, process_instance_id, process_definition_id_and_version, process_definition_activity_id, tenant_id
<==        Row: 1770618641766, 2026-02-09 14:30:41.752, 2026-02-09 14:30:41.752, 1770618641612, exclusiveTest:1.0.0, executeTask, null
<==      Total: 1
Releasing transactional SqlSession [org.apache.ibatis.session.defaults.DefaultSqlSession@7e9da981]
Fetched SqlSession [org.apache.ibatis.session.defaults.DefaultSqlSession@7e9da981] from current transaction
==>  Preparing: insert into se_execution_instance( id, gmt_create, gmt_modified, process_instance_id,process_definition_id_and_version,process_definition_activity_id,activity_instance_id,active,block_id,tenant_id ) values (?, ?, ?, ?, ?, ?, ?, CASE WHEN ? THEN 1 ELSE 0 END, ?,?)
==> Parameters: 1770618641767(Long), 2026-02-09 14:30:41.753(Timestamp), 2026-02-09 14:30:41.753(Timestamp), 1770618641612(Long), exclusiveTest:1.0.0(String), executeTask(String), 1770618641766(Long), false(Boolean), null, null
<==    Updates: 1
Releasing transactional SqlSession [org.apache.ibatis.session.defaults.DefaultSqlSession@7e9da981]
Fetched SqlSession [org.apache.ibatis.session.defaults.DefaultSqlSession@7e9da981] from current transaction
==>  Preparing: select id, gmt_create, gmt_modified, process_instance_id,process_definition_id_and_version,process_definition_activity_id,activity_instance_id,active,block_id,tenant_id from se_execution_instance where id=?
==> Parameters: 1770618641767(Long)
<==    Columns: id, gmt_create, gmt_modified, process_instance_id, process_definition_id_and_version, process_definition_activity_id, activity_instance_id, active, block_id, tenant_id
<==        Row: 1770618641767, 2026-02-09 14:30:41.753, 2026-02-09 14:30:41.753, 1770618641612, exclusiveTest:1.0.0, executeTask, 1770618641766, 0, null, null
<==      Total: 1
Releasing transactional SqlSession [org.apache.ibatis.session.defaults.DefaultSqlSession@7e9da981]
Fetched SqlSession [org.apache.ibatis.session.defaults.DefaultSqlSession@7e9da981] from current transaction
==>  Preparing: insert into se_activity_instance( id, gmt_create, gmt_modified, process_instance_id,process_definition_id_and_version,process_definition_activity_id,tenant_id ) values (?, ?, ?, ?, ?, ?,?)
==> Parameters: 1770618641768(Long), 2026-02-09 14:30:41.753(Timestamp), 2026-02-09 14:30:41.753(Timestamp), 1770618641612(Long), exclusiveTest:1.0.0(String), theEnd(String), null
<==    Updates: 1
Releasing transactional SqlSession [org.apache.ibatis.session.defaults.DefaultSqlSession@7e9da981]
Fetched SqlSession [org.apache.ibatis.session.defaults.DefaultSqlSession@7e9da981] from current transaction
==>  Preparing: select id, gmt_create, gmt_modified, process_instance_id,process_definition_id_and_version,process_definition_activity_id,tenant_id from se_activity_instance where id=?
==> Parameters: 1770618641768(Long)
<==    Columns: id, gmt_create, gmt_modified, process_instance_id, process_definition_id_and_version, process_definition_activity_id, tenant_id
<==        Row: 1770618641768, 2026-02-09 14:30:41.753, 2026-02-09 14:30:41.753, 1770618641612, exclusiveTest:1.0.0, theEnd, null
<==      Total: 1
Releasing transactional SqlSession [org.apache.ibatis.session.defaults.DefaultSqlSession@7e9da981]
Fetched SqlSession [org.apache.ibatis.session.defaults.DefaultSqlSession@7e9da981] from current transaction
==>  Preparing: insert into se_execution_instance( id, gmt_create, gmt_modified, process_instance_id,process_definition_id_and_version,process_definition_activity_id,activity_instance_id,active,block_id,tenant_id ) values (?, ?, ?, ?, ?, ?, ?, CASE WHEN ? THEN 1 ELSE 0 END, ?,?)
==> Parameters: 1770618641769(Long), 2026-02-09 14:30:41.754(Timestamp), 2026-02-09 14:30:41.754(Timestamp), 1770618641612(Long), exclusiveTest:1.0.0(String), theEnd(String), 1770618641768(Long), false(Boolean), null, null
<==    Updates: 1
Releasing transactional SqlSession [org.apache.ibatis.session.defaults.DefaultSqlSession@7e9da981]
Fetched SqlSession [org.apache.ibatis.session.defaults.DefaultSqlSession@7e9da981] from current transaction
==>  Preparing: select id, gmt_create, gmt_modified, process_instance_id,process_definition_id_and_version,process_definition_activity_id,activity_instance_id,active,block_id,tenant_id from se_execution_instance where id=?
==> Parameters: 1770618641769(Long)
<==    Columns: id, gmt_create, gmt_modified, process_instance_id, process_definition_id_and_version, process_definition_activity_id, activity_instance_id, active, block_id, tenant_id
<==        Row: 1770618641769, 2026-02-09 14:30:41.754, 2026-02-09 14:30:41.754, 1770618641612, exclusiveTest:1.0.0, theEnd, 1770618641768, 0, null, null
<==      Total: 1
Releasing transactional SqlSession [org.apache.ibatis.session.defaults.DefaultSqlSession@7e9da981]
Fetched SqlSession [org.apache.ibatis.session.defaults.DefaultSqlSession@7e9da981] from current transaction
==>  Preparing: select id, gmt_create, gmt_modified, process_definition_id_and_version,process_definition_type,start_user_id, status, complete_time, parent_process_instance_id,parent_execution_instance_id, reason, biz_unique_id, title,tag,comment,tenant_id from se_process_instance where id=?
==> Parameters: 1770618641612(Long)
<==    Columns: id, gmt_create, gmt_modified, process_definition_id_and_version, process_definition_type, start_user_id, status, complete_time, parent_process_instance_id, parent_execution_instance_id, reason, biz_unique_id, title, tag, comment, tenant_id
<==        Row: 1770618641612, 2026-02-09 14:30:41.612, 2026-02-09 14:30:41.658599, exclusiveTest:1.0.0, null, null, completed, null, null, null, null, null, null, null, null, null
<==      Total: 1
Releasing transactional SqlSession [org.apache.ibatis.session.defaults.DefaultSqlSession@7e9da981]
Fetched SqlSession [org.apache.ibatis.session.defaults.DefaultSqlSession@7e9da981] from current transaction
==>  Preparing: select id, gmt_create, gmt_modified, process_instance_id,process_definition_id_and_version,process_definition_activity_id,tenant_id from se_activity_instance where process_instance_id=? order by gmt_modified desc
==> Parameters: 1770618641612(Long)
<==    Columns: id, gmt_create, gmt_modified, process_instance_id, process_definition_id_and_version, process_definition_activity_id, tenant_id
<==        Row: 1770618641768, 2026-02-09 14:30:41.753, 2026-02-09 14:30:41.753, 1770618641612, exclusiveTest:1.0.0, theEnd, null
<==        Row: 1770618641766, 2026-02-09 14:30:41.752, 2026-02-09 14:30:41.752, 1770618641612, exclusiveTest:1.0.0, executeTask, null
<==        Row: 1770618641745, 2026-02-09 14:30:41.75, 2026-02-09 14:30:41.75, 1770618641612, exclusiveTest:1.0.0, exclusiveGw1, null
<==        Row: 1770618641726, 2026-02-09 14:30:41.717, 2026-02-09 14:30:41.717, 1770618641612, exclusiveTest:1.0.0, auditTask, null
<==        Row: 1770618641663, 2026-02-09 14:30:41.687, 2026-02-09 14:30:41.687, 1770618641612, exclusiveTest:1.0.0, submitTask, null
<==        Row: 1770618641613, 2026-02-09 14:30:41.68, 2026-02-09 14:30:41.68, 1770618641612, exclusiveTest:1.0.0, theStart, null
<==      Total: 6
Releasing transactional SqlSession [org.apache.ibatis.session.defaults.DefaultSqlSession@7e9da981]
Transaction synchronization deregistering SqlSession [org.apache.ibatis.session.defaults.DefaultSqlSession@7e9da981]
Transaction synchronization closing SqlSession [org.apache.ibatis.session.defaults.DefaultSqlSession@7e9da981]
]]></system-out>
  </testcase>
</testsuite>